Start logging
25-12-2020 06:07:07 : debug:core created
25-12-2020 06:07:08 : debug:before get module handle
25-12-2020 06:07:08 : debug:after get module handle
25-12-2020 06:07:08 : debug:AdrmsXML destructor
25-12-2020 06:07:08 : info:In ASPR::SetRegistrationKey key_path=Software\Alawar\6048
25-12-2020 06:07:08 : debug:AdrmsXML destructor
25-12-2020 06:07:08 : debug:Got MAC
25-12-2020 06:07:08 : debug:Got MAC
25-12-2020 06:07:08 : debug:getDataFromRegistry failed. key Software\Alawar\6048. err: 2
25-12-2020 06:07:08 : debug:getDataFromRegistry failed. key Software\Alawar\6048. err: 2
25-12-2020 06:07:08 : debug:getDataFromRegistry failed. key Software\Alawar\6048. err: 2
25-12-2020 06:07:08 : debug:getDataFromRegistry failed. key Software\Alawar\6048. err: 2
25-12-2020 06:07:08 : debug:getDataFromRegistry failed. key Software\Alawar\6048. err: 2
25-12-2020 06:07:08 : debug:In ASPR::SetRegistrationKey reg4 failed
25-12-2020 06:07:08 : debug:getDataFromRegistry failed. key Software\Alawar\6048. err: 2
25-12-2020 06:07:08 : debug:getDataFromRegistry failed. key Software\Alawar\6048. err: 2
25-12-2020 06:07:08 : debug:AdrmsXML destructor
25-12-2020 06:07:08 : debug:In ASPR::GetRegistrationInformation user='', is_registered=1,0
25-12-2020 06:07:09 : info:
25-12-2020 06:07:09 : info:StartWrapper() :"Wrapper" v.3.1.4.1494 (25-12-2020 01:07:09)
25-12-2020 06:07:09 : debug:SetCurrentDirectory("C:\Program Files (x86)\Alawar\Вторжение кур. Полный омлет\")
25-12-2020 06:07:09 : debug:set level
RND_LABEL jijhaladecldtprjituuixlmvvagiheysroxqtkspfgaentfpbbyjqdcpxljsjvgqtebliuhxlmqgsetmxgylijhelashaenkcpj
Start logging
25-12-2020 06:11:22 : debug:core created
25-12-2020 06:11:22 : debug:before get module handle
25-12-2020 06:11:22 : debug:after get module handle
25-12-2020 06:11:23 : debug:AdrmsXML destructor
25-12-2020 06:11:23 : info:In ASPR::SetRegistrationKey key_path=Software\Alawar\6048
25-12-2020 06:11:23 : debug:AdrmsXML destructor
25-12-2020 06:11:23 : debug:Got MAC
25-12-2020 06:11:23 : debug:Got MAC
25-12-2020 06:11:23 : debug:getDataFromRegistry failed. key Software\Alawar\6048. err: 2
25-12-2020 06:11:23 : debug:getDataFromRegistry failed. key Software\Alawar\6048. err: 2
25-12-2020 06:11:23 : debug:getDataFromRegistry failed. key Software\Alawar\6048. err: 2
25-12-2020 06:11:23 : debug:getDataFromRegistry failed. key Software\Alawar\6048. err: 2
25-12-2020 06:11:23 : debug:getDataFromRegistry failed. key Software\Alawar\6048. err: 2
25-12-2020 06:11:23 : debug:In ASPR::SetRegistrationKey reg4 failed
25-12-2020 06:11:23 : debug:getDataFromRegistry failed. key Software\Alawar\6048. err: 2
25-12-2020 06:11:23 : debug:getDataFromRegistry failed. key Software\Alawar\6048. err: 2
25-12-2020 06:11:23 : debug:AdrmsXML destructor
25-12-2020 06:11:23 : debug:In ASPR::GetRegistrationInformation user='', is_registered=1,0
25-12-2020 06:11:23 : info:
25-12-2020 06:11:23 : info:StartWrapper() :"Wrapper" v.3.1.4.1494 (25-12-2020 01:11:23)
25-12-2020 06:11:23 : debug:SetCurrentDirectory("C:\Program Files\Alawar\Вторжение кур. Полный омлет\")
25-12-2020 06:11:23 : debug:set level
RND_LABEL otjoxajfasacxetwfpcvkvuqsotxfhbgtlcglcqrdjdopufdgkncabfabbudwcmcfxuvotdxgwrtidlxuffqhfculofmhhljewoi
